[master 93dde99] Auto-commit: 2025-02-20 19:48:35
 2 files changed, 7 insertions(+), 8 deletions(-)
To github.com:PavelDelhomme/dotfiles.git
   5cff5f4..93dde99  master -> master
Dotfiles sauvegardés et poussés vers le dépôt distant. Consultez /home/pactivisme/dotfiles/auto_backup.log pour plus de détails.
[master b07bad8] Auto-commit: 2025-02-20 20:03:37
 2 files changed, 16 insertions(+)
 create mode 100644 auto_backup.log
To github.com:PavelDelhomme/dotfiles.git
   93dde99..b07bad8  master -> master
Dotfiles sauvegardés et poussés vers le dépôt distant. Consultez /home/pactivisme/dotfiles/auto_backup.log pour plus de détails.
[master 925ed18] Auto-commit: 2025-02-20 20:18:38
 10 files changed, 156 insertions(+)
 create mode 100644 fish/functions/path_manager/clean_path.fish
To github.com:PavelDelhomme/dotfiles.git
   b07bad8..925ed18  master -> master
Dotfiles sauvegardés et poussés vers le dépôt distant. Consultez /home/pactivisme/dotfiles/auto_backup.log pour plus de détails.
[master 01722b6] Auto-commit: 2025-02-20 20:33:40
 7 files changed, 88 insertions(+)
To github.com:PavelDelhomme/dotfiles.git
   925ed18..01722b6  master -> master
Dotfiles sauvegardés et poussés vers le dépôt distant. Consultez /home/pactivisme/dotfiles/auto_backup.log pour plus de détails.
[master 22c63cf] Auto-commit: 2025-02-20 20:48:41
 1 file changed, 5 insertions(+)
To github.com:PavelDelhomme/dotfiles.git
   01722b6..22c63cf  master -> master
Dotfiles sauvegardés et poussés vers le dépôt distant. Consultez /home/pactivisme/dotfiles/auto_backup.log pour plus de détails.
